#
# There is insufficient memory for the Java Runtime Environment to continue.
# Native memory allocation (mmap) failed to map 132120576 bytes. Error detail: G1 virtual space
# Possible reasons:
#   The system is out of physical RAM or swap space
#   This process is running with CompressedOops enabled, and the Java Heap may be blocking the growth of the native heap
# Possible solutions:
#   Reduce memory load on the system
#   Increase physical memory or swap space
#   Check if swap backing store is full
#   Decrease Java heap size (-Xmx/-Xms)
#   Decrease number of Java threads
#   Decrease Java thread stack sizes (-Xss)
#   Set larger code cache with -XX:ReservedCodeCacheSize=
#   JVM is running with Unscaled Compressed Oops mode in which the Java heap is
#     placed in the first 4GB address space. The Java Heap base address is the
#     maximum limit for the native heap growth. Please use -XX:HeapBaseMinAddress
#     to set the Java Heap base and to place the Java Heap above 4GB virtual address.
# This output file may be truncated or incomplete.
#
#  Out of Memory Error (os_windows.cpp:3614), pid=9968, tid=28496
#
# JRE version:  (17.0.13+11) (build )
# Java VM: OpenJDK 64-Bit Server VM (17.0.13+11, mixed mode, sharing, tiered, compressed oops, compressed class ptrs, g1 gc, windows-amd64)
# No core dump will be written. Minidumps are not enabled by default on client versions of Windows
#

---------------  S U M M A R Y ------------

Command Line: -Dclassworlds.conf=C:\Program Files (x86)\Maven\apache-maven-3.9.9\bin\m2.conf -Dmaven.home=C:\Program Files (x86)\Maven\apache-maven-3.9.9 -Dlibrary.jansi.path=C:\Program Files (x86)\Maven\apache-maven-3.9.9\lib\jansi-native -Dmaven.multiModuleProjectDirectory=D:\Project\gym_management-2-recover org.codehaus.plexus.classworlds.launcher.Launcher clean spring-boot:run

Host: Intel(R) Core(TM) i5-10300H CPU @ 2.50GHz, 8 cores, 7G,  Windows 11 , 64 bit Build 26100 (10.0.26100.4202)
Time: Sat May 31 21:14:06 2025 SE Asia Standard Time elapsed time: 2.057790 seconds (0d 0h 0m 2s)

---------------  T H R E A D  ---------------

Current thread (0x00000228b945c380):  JavaThread "Unknown thread" [_thread_in_vm, id=28496, stack(0x0000008b17800000,0x0000008b17900000)]

Stack: [0x0000008b17800000,0x0000008b17900000]
Native frames: (J=compiled Java code, j=interpreted, Vv=VM code, C=native code)
V  [jvm.dll+0x682a19]
V  [jvm.dll+0x839538]
V  [jvm.dll+0x83afe3]
V  [jvm.dll+0x83b653]
V  [jvm.dll+0x24704f]
V  [jvm.dll+0x67f809]
V  [jvm.dll+0x6746fa]
V  [jvm.dll+0x304a96]
V  [jvm.dll+0x30bf56]
V  [jvm.dll+0x35da5e]
V  [jvm.dll+0x35dc9d]
V  [jvm.dll+0x2dbe5c]
V  [jvm.dll+0x2dcd74]
V  [jvm.dll+0x80b44b]
V  [jvm.dll+0x36b491]
V  [jvm.dll+0x7e9e3f]
V  [jvm.dll+0x3f1d7f]
V  [jvm.dll+0x3f38b1]
C  [jli.dll+0x5278]
C  [ucrtbase.dll+0x37b0]
C  [KERNEL32.DLL+0x2e8d7]
C  [ntdll.dll+0x3c34c]


---------------  P R O C E S S  ---------------

Threads class SMR info:
_java_thread_list=0x00007ffddd2e7f58, length=0, elements={
}

Java Threads: ( => current thread )

Other Threads:
  0x00000228b94b7b40 GCTaskThread "GC Thread#0" [stack: 0x0000008b17900000,0x0000008b17a00000] [id=28876]
  0x00000228b94cca20 ConcurrentGCThread "G1 Main Marker" [stack: 0x0000008b17a00000,0x0000008b17b00000] [id=9744]
  0x00000228b94cd440 ConcurrentGCThread "G1 Conc#0" [stack: 0x0000008b17b00000,0x0000008b17c00000] [id=22744]

[error occurred during error reporting (printing all threads), id 0xc0000005, EXCEPTION_ACCESS_VIOLATION (0xc0000005) at pc=0x00007ffddca9c987]

VM state: not at safepoint (not fully initialized)

VM Mutex/Monitor currently owned by a thread:  ([mutex/lock_event])
[0x00000228b9458fe0] Heap_lock - owner thread: 0x00000228b945c380

Heap address: 0x0000000082800000, size: 2008 MB, Compressed Oops mode: 32-bit

CDS archive(s) mapped at: [0x0000000000000000-0x0000000000000000-0x0000000000000000), size 0, SharedBaseAddress: 0x0000000800000000, ArchiveRelocationMode: 1.
Narrow klass base: 0x0000000000000000, Narrow klass shift: 0, Narrow klass range: 0x0

GC Precious Log:
<Empty>

Heap:
 garbage-first heap   total 0K, used 0K [0x0000000082800000, 0x0000000100000000)
  region size 1024K, 0 young (0K), 0 survivors (0K)

[error occurred during error reporting (printing heap information), id 0xc0000005, EXCEPTION_ACCESS_VIOLATION (0xc0000005) at pc=0x00007ffddce8c179]

GC Heap History (0 events):
No events

Dll operation events (1 events):
Event: 0.026 Loaded shared library C:\Program Files\Eclipse Adoptium\jdk-17.0.13.11-hotspot\bin\java.dll

Deoptimization events (0 events):
No events

Classes loaded (0 events):
No events

Classes unloaded (0 events):
No events

Classes redefined (0 events):
No events

Internal exceptions (0 events):
No events

VM Operations (0 events):
No events

Memory protections (0 events):
No events

Nmethod flushes (0 events):
No events

Events (0 events):
No events


Dynamic libraries:
0x00007ff620820000 - 0x00007ff62082e000 	C:\Program Files\Eclipse Adoptium\jdk-17.0.13.11-hotspot\bin\java.exe
0x00007ffe7d300000 - 0x00007ffe7d565000 	C:\WINDOWS\SYSTEM32\ntdll.dll
0x00007ffe7bb10000 - 0x00007ffe7bbd9000 	C:\WINDOWS\System32\KERNEL32.DLL
0x00007ffe7a990000 - 0x00007ffe7ad78000 	C:\WINDOWS\System32\KERNELBASE.dll
0x00007ffe7a810000 - 0x00007ffe7a95b000 	C:\WINDOWS\System32\ucrtbase.dll
0x00007ffe63bd0000 - 0x00007ffe63be7000 	C:\Program Files\Eclipse Adoptium\jdk-17.0.13.11-hotspot\bin\jli.dll
0x00007ffe7c350000 - 0x00007ffe7c51a000 	C:\WINDOWS\System32\USER32.dll
0x00007ffe40d20000 - 0x00007ffe40d3e000 	C:\Program Files\Eclipse Adoptium\jdk-17.0.13.11-hotspot\bin\VCRUNTIME140.dll
0x00007ffe7a960000 - 0x00007ffe7a987000 	C:\WINDOWS\System32\win32u.dll
0x00007ffe7b310000 - 0x00007ffe7b33b000 	C:\WINDOWS\System32\GDI32.dll
0x00007ffe62530000 - 0x00007ffe627ca000 	C:\WINDOWS\WinSxS\amd64_microsoft.windows.common-controls_6595b64144ccf1df_6.0.26100.4202_none_3e0698d4e335f517\COMCTL32.dll
0x00007ffe7a4b0000 - 0x00007ffe7a5e7000 	C:\WINDOWS\System32\gdi32full.dll
0x00007ffe7af00000 - 0x00007ffe7afa3000 	C:\WINDOWS\System32\msvcp_win.dll
0x00007ffe7bea0000 - 0x00007ffe7bf49000 	C:\WINDOWS\System32\msvcrt.dll
0x00007ffe7c520000 - 0x00007ffe7c550000 	C:\WINDOWS\System32\IMM32.DLL
0x00007ffe5e480000 - 0x00007ffe5e48c000 	C:\Program Files\Eclipse Adoptium\jdk-17.0.13.11-hotspot\bin\vcruntime140_1.dll
0x00007ffe23180000 - 0x00007ffe2320d000 	C:\Program Files\Eclipse Adoptium\jdk-17.0.13.11-hotspot\bin\msvcp140.dll
0x00007ffddc7b0000 - 0x00007ffddd41b000 	C:\Program Files\Eclipse Adoptium\jdk-17.0.13.11-hotspot\bin\server\jvm.dll
0x00007ffe7d1d0000 - 0x00007ffe7d283000 	C:\WINDOWS\System32\ADVAPI32.dll
0x00007ffe7b460000 - 0x00007ffe7b506000 	C:\WINDOWS\System32\sechost.dll
0x00007ffe7b340000 - 0x00007ffe7b455000 	C:\WINDOWS\System32\RPCRT4.dll
0x00007ffe7b590000 - 0x00007ffe7b604000 	C:\WINDOWS\System32\WS2_32.dll
0x00007ffe79000000 - 0x00007ffe7905e000 	C:\WINDOWS\SYSTEM32\POWRPROF.dll
0x00007ffe68520000 - 0x00007ffe68555000 	C:\WINDOWS\SYSTEM32\WINMM.dll
0x00007ffe72ad0000 - 0x00007ffe72adb000 	C:\WINDOWS\SYSTEM32\VERSION.dll
0x00007ffe78fe0000 - 0x00007ffe78ff4000 	C:\WINDOWS\SYSTEM32\UMPDC.dll
0x00007ffe792d0000 - 0x00007ffe792eb000 	C:\WINDOWS\SYSTEM32\kernel.appcore.dll
0x00007ffe5cea0000 - 0x00007ffe5ceaa000 	C:\Program Files\Eclipse Adoptium\jdk-17.0.13.11-hotspot\bin\jimage.dll
0x00007ffe77b10000 - 0x00007ffe77d51000 	C:\WINDOWS\SYSTEM32\DBGHELP.DLL
0x00007ffe7c560000 - 0x00007ffe7c8e5000 	C:\WINDOWS\System32\combase.dll
0x00007ffe7c080000 - 0x00007ffe7c161000 	C:\WINDOWS\System32\OLEAUT32.dll
0x00007ffe42620000 - 0x00007ffe42659000 	C:\WINDOWS\SYSTEM32\dbgcore.DLL
0x00007ffe7a770000 - 0x00007ffe7a809000 	C:\WINDOWS\System32\bcryptPrimitives.dll
0x00007ffe40cf0000 - 0x00007ffe40d15000 	C:\Program Files\Eclipse Adoptium\jdk-17.0.13.11-hotspot\bin\java.dll

dbghelp: loaded successfully - version: 4.0.5 - missing functions: none
symbol engine: initialized successfully - sym options: 0x614 - pdb path: .;C:\Program Files\Eclipse Adoptium\jdk-17.0.13.11-hotspot\bin;C:\WINDOWS\SYSTEM32;C:\WINDOWS\WinSxS\amd64_microsoft.windows.common-controls_6595b64144ccf1df_6.0.26100.4202_none_3e0698d4e335f517;C:\Program Files\Eclipse Adoptium\jdk-17.0.13.11-hotspot\bin\server

VM Arguments:
jvm_args: -Dclassworlds.conf=C:\Program Files (x86)\Maven\apache-maven-3.9.9\bin\m2.conf -Dmaven.home=C:\Program Files (x86)\Maven\apache-maven-3.9.9 -Dlibrary.jansi.path=C:\Program Files (x86)\Maven\apache-maven-3.9.9\lib\jansi-native -Dmaven.multiModuleProjectDirectory=D:\Project\gym_management-2-recover 
java_command: org.codehaus.plexus.classworlds.launcher.Launcher clean spring-boot:run
java_class_path (initial): C:\Program Files (x86)\Maven\apache-maven-3.9.9\boot\plexus-classworlds-2.8.0.jar
Launcher Type: SUN_STANDARD

[Global flags]
     intx CICompilerCount                          = 4                                         {product} {ergonomic}
     uint ConcGCThreads                            = 2                                         {product} {ergonomic}
     uint G1ConcRefinementThreads                  = 8                                         {product} {ergonomic}
   size_t G1HeapRegionSize                         = 1048576                                   {product} {ergonomic}
    uintx GCDrainStackTargetSize                   = 64                                        {product} {ergonomic}
   size_t InitialHeapSize                          = 132120576                                 {product} {ergonomic}
   size_t MarkStackSize                            = 4194304                                   {product} {ergonomic}
   size_t MaxHeapSize                              = 2105540608                                {product} {ergonomic}
   size_t MinHeapDeltaBytes                        = 1048576                                   {product} {ergonomic}
   size_t MinHeapSize                              = 8388608                                   {product} {ergonomic}
    uintx NonNMethodCodeHeapSize                   = 5839372                                {pd product} {ergonomic}
    uintx NonProfiledCodeHeapSize                  = 122909434                              {pd product} {ergonomic}
    uintx ProfiledCodeHeapSize                     = 122909434                              {pd product} {ergonomic}
    uintx ReservedCodeCacheSize                    = 251658240                              {pd product} {ergonomic}
     bool SegmentedCodeCache                       = true                                      {product} {ergonomic}
   size_t SoftMaxHeapSize                          = 2105540608                             {manageable} {ergonomic}
     bool UseCompressedClassPointers               = true                           {product lp64_product} {ergonomic}
     bool UseCompressedOops                        = true                           {product lp64_product} {ergonomic}
     bool UseG1GC                                  = true                                      {product} {ergonomic}
     bool UseLargePagesIndividualAllocation        = false                                  {pd product} {ergonomic}

Logging:
Log output configuration:
 #0: stdout all=warning uptime,level,tags
 #1: stderr all=off uptime,level,tags

Environment Variables:
JAVA_HOME=C:\Program Files\Eclipse Adoptium\jdk-17.0.13.11-hotspot
PATH=C:\Program Files\Eclipse Adoptium\jdk-17.0.13.11-hotspot\bin;C:\Program Files (x86)\Common Files\Oracle\Java\java8path;C:\Program Files (x86)\Common Files\Oracle\Java\javapath;C:\Program Files\Eclipse Adoptium\jdk-21.0.5.11-hotspot\bin;C:\Program Files\Eclipse Adoptium\jdk-17.0.13.11-hotspot\bin;C:\Program Files\nodejs;C:\Program Files\Git\cmd;C:\WINDOWS\system32;C:\WINDOWS;C:\WINDOWS\System32\Wbem;C:\WINDOWS\System32\WindowsPowerShell\v1.0\;C:\WINDOWS\System32\OpenSSH\;C:\Program Files\NVIDIA Corporation\NVIDIA app\NvDLISR;C:\Program Files\Eclipse Adoptium\jdk-17.0.13.11-hotspot\bin;C:\Program Files (x86)\Maven\apache-maven-3.9.9\bin;C:\Program Files\PostgreSQL\17\bin;C:\Users\BINH\AppData\Roaming\npm;C:\Users\BINH\Downloads\chocolatey.2.4.2\tools\chocolateyInstall;C:\ProgramData\chocolatey\bin;C:\Users\BINH\AppData\Local\Programs\Python\Python310;C:\Users\BINH\AppData\Local\Programs\Python\Python310\Scripts;D:\Thay C\bin;C:\MinGW\bin;C:\Program Files\Docker\Docker\resources\bin;C:\Program Files\Cloudflare\Cloudflare WARP\;D:\Thay C\;C:\Program Files\nodejs\node_modules\npm\bin;D:\Thay C\VC\Tools\MSVC\14.43.34808\bin\Hostx64\x64;D:\Thay C\Python\Python310;D:\Thay C\Python\Python310\Scripts;D:\userrrr;D:\userrrr\Library\mingw-w64\bin;D:\userrrr\Library\usr\bin;D:\userrrr\Library\bin;D:\userrrr\Scripts;C:\Users\BINH\AppData\Local\Programs\Python\Python310\Scripts\;C:\Users\BINH\AppData\Local\Programs\Python\Python310\;C:\Program Files\Eclipse Adoptium\jdk-17.0.13.11-hotspot\bin;C:\Program Files (x86)\Common Files\Oracle\Java\java8path;C:\Program Files (x86)\Common Files\Oracle\Java\javapath;C:\Program Files\Eclipse Adoptium\jdk-21.0.5.11-hotspot\bin;C:\Program Files\Eclipse Adoptium\jdk-17.0.13.11-hotspot\bin;C:\Program Files\nodejs;C:\Program Files\Git\cmd;C:\WINDOWS\system32;C:\WINDOWS;C:\WINDOWS\System32\Wbem;C:\WINDOWS\System32\WindowsPowerShell\v1.0\;C:\WINDOWS\System32\OpenSSH\;C:\Program Files\NVIDIA Corporation\NVIDIA app\NvDLISR;C:\Program Files\Eclipse Ad
USERNAME=BINH
OS=Windows_NT
PROCESSOR_IDENTIFIER=Intel64 Family 6 Model 165 Stepping 2, GenuineIntel
TMP=C:\Users\BINH\AppData\Local\Temp
TEMP=C:\Users\BINH\AppData\Local\Temp



Periodic native trim disabled


---------------  S Y S T E M  ---------------

OS:
 Windows 11 , 64 bit Build 26100 (10.0.26100.4202)
OS uptime: 1 days 18:14 hours
Hyper-V role detected

CPU: total 8 (initial active 8) (4 cores per cpu, 2 threads per core) family 6 model 165 stepping 2 microcode 0xe0, cx8, cmov, fxsr, ht, mmx, 3dnowpref, sse, sse2, sse3, ssse3, sse4.1, sse4.2, popcnt, lzcnt, tsc, tscinvbit, avx, avx2, aes, erms, clmul, bmi1, bmi2, adx, fma, vzeroupper, clflush, clflushopt, hv
Processor Information for all 8 processors :
  Max Mhz: 2496, Current Mhz: 2496, Mhz Limit: 2496

Memory: 4k page, system-wide physical 8029M (758M free)
TotalPageFile size 24951M (AvailPageFile size 115M)
current process WorkingSet (physical memory assigned to process): 12M, peak: 12M
current process commit charge ("private bytes"): 60M, peak: 186M

vm_info: OpenJDK 64-Bit Server VM (17.0.13+11) for windows-amd64 JRE (17.0.13+11), built on Oct 16 2024 00:10:08 by "admin" with MS VC++ 17.7 (VS2022)

END.
